<?xml version="1.0" encoding="UTF-8"?>
<!-- Generated by org.testng.reporters.JUnitReportReporter -->
<testsuite hostname="Rhucha-0404" failures="0" tests="1" name="com.orangehrm.tests.LogoutTest" time="10.727" errors="0" timestamp="2025-06-24T17:22:03 IST" skipped="0">
  <testcase classname="com.orangehrm.tests.LogoutTest" name="verifyLogoutFunctionality" time="10.727"/>
</testsuite> <!-- com.orangehrm.tests.LogoutTest -->
