<?xml version="1.0" encoding="UTF-8"?>
<!-- Generated by org.testng.reporters.JUnitReportReporter -->
<testsuite hostname="Rhucha-0404" failures="0" tests="2" name="com.orangehrm.tests.LoginTest" time="19.774" errors="0" timestamp="2025-06-24T17:25:42 IST" skipped="0">
  <testcase classname="com.orangehrm.tests.LoginTest" name="loginWithValidCredentials" time="9.038"/>
  <testcase classname="com.orangehrm.tests.LoginTest" name="loginWithInvalidCredentials" time="10.736"/>
</testsuite> <!-- com.orangehrm.tests.LoginTest -->
